<?xml version="1.0" encoding="UTF-8"?>
<testsuite name="sterilizer.BananaSterilizerTest" tests="1" skipped="0" failures="0" errors="0" timestamp="2020-12-28T22:41:49" hostname="Kens-MBP.lan" time="0.004">
  <properties/>
  <testcase name="invokeTest()" classname="sterilizer.BananaSterilizerTest" time="0.004"/>
  <system-out><![CDATA[[RED,GREEN,BLUE][RED, GREEN, BLUE]]]></system-out>
  <system-err><![CDATA[]]></system-err>
</testsuite>
