<?xml version="1.0" encoding="UTF-8"?>
<testsuite name="crm_connector.StrawberryCRMConnectorTest" tests="1" skipped="0" failures="0" errors="0" timestamp="2020-12-28T22:41:47" hostname="Kens-MBP.lan" time="1.036">
  <properties/>
  <testcase name="invokeTest()" classname="crm_connector.StrawberryCRMConnectorTest" time="1.036"/>
  <system-out><![CDATA[]]></system-out>
  <system-err><![CDATA[]]></system-err>
</testsuite>
