<?xml version="1.0" encoding="UTF-8"?>
<testsuite name="mapper.StrawberryMapperTest" tests="1" skipped="0" failures="0" errors="0" timestamp="2020-12-28T22:41:49" hostname="Kens-MBP.lan" time="0.01">
  <properties/>
  <testcase name="invokeTest()" classname="mapper.StrawberryMapperTest" time="0.01"/>
  <system-out><![CDATA[]]></system-out>
  <system-err><![CDATA[]]></system-err>
</testsuite>
