<?xml version="1.0" encoding="UTF-8"?>
<testsuite name="reducer.BananaReducerTest" tests="1" skipped="0" failures="0" errors="0" timestamp="2020-12-28T22:41:49" hostname="Kens-MBP.lan" time="0.006">
  <properties/>
  <testcase name="invokeTest()" classname="reducer.BananaReducerTest" time="0.006"/>
  <system-out><![CDATA[]]></system-out>
  <system-err><![CDATA[]]></system-err>
</testsuite>
